{"C:\\Users\\User\\Desktop\\teste-googlo-api\\src\\api\\fetchUtils.js": {"path":"C:\\Users\\User\\Desktop\\teste-googlo-api\\src\\api\\fetchUtils.js","statementMap":{"0":{"start":{"line":4,"column":14},"end":{"line":4,"column":30}},"1":{"start":{"line":12,"column":16},"end":{"line":12,"column":18}},"2":{"start":{"line":13,"column":22},"end":{"line":13,"column":26}},"3":{"start":{"line":14,"column":12},"end":{"line":14,"column":22}},"4":{"start":{"line":16,"column":2},"end":{"line":39,"column":26}},"5":{"start":{"line":17,"column":4},"end":{"line":38,"column":5}},"6":{"start":{"line":19,"column":6},"end":{"line":23,"column":7}},"7":{"start":{"line":20,"column":8},"end":{"line":20,"column":56}},"8":{"start":{"line":20,"column":33},"end":{"line":20,"column":54}},"9":{"start":{"line":22,"column":8},"end":{"line":22,"column":56}},"10":{"start":{"line":25,"column":23},"end":{"line":25,"column":43}},"11":{"start":{"line":28,"column":6},"end":{"line":30,"column":7}},"12":{"start":{"line":29,"column":8},"end":{"line":29,"column":56}},"13":{"start":{"line":33,"column":6},"end":{"line":33,"column":52}},"14":{"start":{"line":36,"column":6},"end":{"line":36,"column":59}},"15":{"start":{"line":37,"column":6},"end":{"line":37,"column":12}},"16":{"start":{"line":41,"column":2},"end":{"line":41,"column":17}},"17":{"start":{"line":44,"column":0},"end":{"line":46,"column":2}}},"fnMap":{"0":{"name":"fetchAllPages","decl":{"start":{"line":11,"column":15},"end":{"line":11,"column":28}},"loc":{"start":{"line":11,"column":41},"end":{"line":42,"column":1}},"line":11},"1":{"name":"(anonymous_1)","decl":{"start":{"line":20,"column":26},"end":{"line":20,"column":27}},"loc":{"start":{"line":20,"column":33},"end":{"line":20,"column":54}},"line":20}},"branchMap":{"0":{"loc":{"start":{"line":19,"column":6},"end":{"line":23,"column":7}},"type":"if","locations":[{"start":{"line":19,"column":6},"end":{"line":23,"column":7}},{"start":{},"end":{}}],"line":19},"1":{"loc":{"start":{"line":28,"column":6},"end":{"line":30,"column":7}},"type":"if","locations":[{"start":{"line":28,"column":6},"end":{"line":30,"column":7}},{"start":{},"end":{}}],"line":28},"2":{"loc":{"start":{"line":28,"column":10},"end":{"line":28,"column":48}},"type":"binary-expr","locations":[{"start":{"line":28,"column":10},"end":{"line":28,"column":23}},{"start":{"line":28,"column":27},"end":{"line":28,"column":48}}],"line":28}},"s":{"0":1,"1":3,"2":3,"3":3,"4":3,"5":4,"6":4,"7":1,"8":1,"9":1,"10":4,"11":3,"12":3,"13":3,"14":1,"15":1,"16":3,"17":1},"f":{"0":3,"1":1},"b":{"0":[1,3],"1":[3,0],"2":[3,3]},"_coverageSchema":"1a1c01bbd47fc00a2c39e90264f33305004495a9","hash":"a15b5c00c499db116c664d8ef9d8d739045a5637"}
,"C:\\Users\\User\\Desktop\\teste-googlo-api\\src\\api\\placesApi.js": {"path":"C:\\Users\\User\\Desktop\\teste-googlo-api\\src\\api\\placesApi.js","statementMap":{"0":{"start":{"line":4,"column":14},"end":{"line":4,"column":30}},"1":{"start":{"line":5,"column":0},"end":{"line":5,"column":27}},"2":{"start":{"line":8,"column":15},"end":{"line":8,"column":48}},"3":{"start":{"line":18,"column":2},"end":{"line":71,"column":3}},"4":{"start":{"line":20,"column":16},"end":{"line":20,"column":68}},"5":{"start":{"line":22,"column":4},"end":{"line":22,"column":80}},"6":{"start":{"line":25,"column":24},"end":{"line":38,"column":5}},"7":{"start":{"line":41,"column":4},"end":{"line":43,"column":5}},"8":{"start":{"line":42,"column":6},"end":{"line":42,"column":38}},"9":{"start":{"line":46,"column":21},"end":{"line":52,"column":6}},"10":{"start":{"line":55,"column":19},"end":{"line":55,"column":45}},"11":{"start":{"line":56,"column":4},"end":{"line":56,"column":64}},"12":{"start":{"line":59,"column":4},"end":{"line":63,"column":8}},"13":{"start":{"line":59,"column":32},"end":{"line":63,"column":5}},"14":{"start":{"line":66,"column":4},"end":{"line":66,"column":91}},"15":{"start":{"line":67,"column":4},"end":{"line":69,"column":5}},"16":{"start":{"line":68,"column":6},"end":{"line":68,"column":59}},"17":{"start":{"line":70,"column":4},"end":{"line":70,"column":14}},"18":{"start":{"line":81,"column":14},"end":{"line":81,"column":66}},"19":{"start":{"line":82,"column":17},"end":{"line":82,"column":127}},"20":{"start":{"line":84,"column":2},"end":{"line":108,"column":3}},"21":{"start":{"line":85,"column":21},"end":{"line":92,"column":6}},"22":{"start":{"line":95,"column":4},"end":{"line":104,"column":6}},"23":{"start":{"line":106,"column":4},"end":{"line":106,"column":84}},"24":{"start":{"line":107,"column":4},"end":{"line":107,"column":16}},"25":{"start":{"line":111,"column":0},"end":{"line":115,"column":2}}},"fnMap":{"0":{"name":"searchPlaces","decl":{"start":{"line":17,"column":15},"end":{"line":17,"column":27}},"loc":{"start":{"line":17,"column":49},"end":{"line":72,"column":1}},"line":17},"1":{"name":"(anonymous_1)","decl":{"start":{"line":59,"column":22},"end":{"line":59,"column":23}},"loc":{"start":{"line":59,"column":32},"end":{"line":63,"column":5}},"line":59},"2":{"name":"getPlaceDetails","decl":{"start":{"line":79,"column":15},"end":{"line":79,"column":30}},"loc":{"start":{"line":79,"column":40},"end":{"line":109,"column":1}},"line":79}},"branchMap":{"0":{"loc":{"start":{"line":41,"column":4},"end":{"line":43,"column":5}},"type":"if","locations":[{"start":{"line":41,"column":4},"end":{"line":43,"column":5}},{"start":{},"end":{}}],"line":41},"1":{"loc":{"start":{"line":55,"column":19},"end":{"line":55,"column":45}},"type":"binary-expr","locations":[{"start":{"line":55,"column":19},"end":{"line":55,"column":39}},{"start":{"line":55,"column":43},"end":{"line":55,"column":45}}],"line":55},"2":{"loc":{"start":{"line":61,"column":12},"end":{"line":61,"column":56}},"type":"binary-expr","locations":[{"start":{"line":61,"column":12},"end":{"line":61,"column":35}},{"start":{"line":61,"column":39},"end":{"line":61,"column":56}}],"line":61},"3":{"loc":{"start":{"line":67,"column":4},"end":{"line":69,"column":5}},"type":"if","locations":[{"start":{"line":67,"column":4},"end":{"line":69,"column":5}},{"start":{},"end":{}}],"line":67},"4":{"loc":{"start":{"line":96,"column":12},"end":{"line":96,"column":72}},"type":"binary-expr","locations":[{"start":{"line":96,"column":12},"end":{"line":96,"column":43}},{"start":{"line":96,"column":47},"end":{"line":96,"column":72}}],"line":96}},"s":{"0":3,"1":3,"2":3,"3":5,"4":5,"5":5,"6":5,"7":5,"8":5,"9":5,"10":4,"11":4,"12":4,"13":3,"14":1,"15":1,"16":1,"17":1,"18":3,"19":3,"20":3,"21":3,"22":2,"23":1,"24":1,"25":3},"f":{"0":5,"1":3,"2":3},"b":{"0":[5,0],"1":[4,1],"2":[3,1],"3":[1,0],"4":[2,1]},"_coverageSchema":"1a1c01bbd47fc00a2c39e90264f33305004495a9","hash":"b9c3dcc5218e0b4875194c76f16ebdeadd977d49"}
,"C:\\Users\\User\\Desktop\\teste-googlo-api\\src\\services\\enrichService.js": {"path":"C:\\Users\\User\\Desktop\\teste-googlo-api\\src\\services\\enrichService.js","statementMap":{"0":{"start":{"line":4,"column":28},"end":{"line":4,"column":55}},"1":{"start":{"line":12,"column":25},"end":{"line":12,"column":27}},"2":{"start":{"line":14,"column":2},"end":{"line":14,"column":80}},"3":{"start":{"line":17,"column":20},"end":{"line":17,"column":21}},"4":{"start":{"line":18,"column":2},"end":{"line":46,"column":3}},"5":{"start":{"line":18,"column":15},"end":{"line":18,"column":16}},"6":{"start":{"line":19,"column":18},"end":{"line":19,"column":48}},"7":{"start":{"line":22,"column":27},"end":{"line":22,"column":78}},"8":{"start":{"line":22,"column":46},"end":{"line":22,"column":77}},"9":{"start":{"line":23,"column":27},"end":{"line":23,"column":60}},"10":{"start":{"line":26,"column":4},"end":{"line":39,"column":5}},"11":{"start":{"line":27,"column":6},"end":{"line":38,"column":7}},"12":{"start":{"line":28,"column":8},"end":{"line":37,"column":11}},"13":{"start":{"line":42,"column":4},"end":{"line":45,"column":5}},"14":{"start":{"line":43,"column":6},"end":{"line":43,"column":108}},"15":{"start":{"line":44,"column":6},"end":{"line":44,"column":54}},"16":{"start":{"line":44,"column":31},"end":{"line":44,"column":52}},"17":{"start":{"line":48,"column":2},"end":{"line":48,"column":24}},"18":{"start":{"line":51,"column":0},"end":{"line":53,"column":2}}},"fnMap":{"0":{"name":"enrichPlaces","decl":{"start":{"line":11,"column":15},"end":{"line":11,"column":27}},"loc":{"start":{"line":11,"column":36},"end":{"line":49,"column":1}},"line":11},"1":{"name":"(anonymous_1)","decl":{"start":{"line":22,"column":37},"end":{"line":22,"column":38}},"loc":{"start":{"line":22,"column":46},"end":{"line":22,"column":77}},"line":22},"2":{"name":"(anonymous_2)","decl":{"start":{"line":44,"column":24},"end":{"line":44,"column":25}},"loc":{"start":{"line":44,"column":31},"end":{"line":44,"column":52}},"line":44}},"branchMap":{"0":{"loc":{"start":{"line":27,"column":6},"end":{"line":38,"column":7}},"type":"if","locations":[{"start":{"line":27,"column":6},"end":{"line":38,"column":7}},{"start":{},"end":{}}],"line":27},"1":{"loc":{"start":{"line":31,"column":23},"end":{"line":31,"column":74}},"type":"binary-expr","locations":[{"start":{"line":31,"column":23},"end":{"line":31,"column":53}},{"start":{"line":31,"column":57},"end":{"line":31,"column":74}}],"line":31},"2":{"loc":{"start":{"line":32,"column":19},"end":{"line":32,"column":50}},"type":"binary-expr","locations":[{"start":{"line":32,"column":19},"end":{"line":32,"column":34}},{"start":{"line":32,"column":38},"end":{"line":32,"column":50}}],"line":32},"3":{"loc":{"start":{"line":33,"column":18},"end":{"line":33,"column":47}},"type":"binary-expr","locations":[{"start":{"line":33,"column":18},"end":{"line":33,"column":32}},{"start":{"line":33,"column":36},"end":{"line":33,"column":47}}],"line":33},"4":{"loc":{"start":{"line":34,"column":24},"end":{"line":34,"column":55}},"type":"binary-expr","locations":[{"start":{"line":34,"column":24},"end":{"line":34,"column":50}},{"start":{"line":34,"column":54},"end":{"line":34,"column":55}}],"line":34},"5":{"loc":{"start":{"line":35,"column":18},"end":{"line":35,"column":54}},"type":"binary-expr","locations":[{"start":{"line":35,"column":18},"end":{"line":35,"column":41}},{"start":{"line":35,"column":45},"end":{"line":35,"column":54}}],"line":35},"6":{"loc":{"start":{"line":36,"column":22},"end":{"line":36,"column":94}},"type":"cond-expr","locations":[{"start":{"line":36,"column":44},"end":{"line":36,"column":76}},{"start":{"line":36,"column":79},"end":{"line":36,"column":94}}],"line":36},"7":{"loc":{"start":{"line":42,"column":4},"end":{"line":45,"column":5}},"type":"if","locations":[{"start":{"line":42,"column":4},"end":{"line":45,"column":5}},{"start":{},"end":{}}],"line":42}},"s":{"0":1,"1":3,"2":3,"3":3,"4":3,"5":3,"6":3,"7":3,"8":11,"9":3,"10":3,"11":11,"12":8,"13":3,"14":2,"15":2,"16":2,"17":1,"18":1},"f":{"0":3,"1":11,"2":2},"b":{"0":[8,3],"1":[8,1],"2":[8,1],"3":[8,0],"4":[8,0],"5":[8,0],"6":[7,1],"7":[2,1]},"_coverageSchema":"1a1c01bbd47fc00a2c39e90264f33305004495a9","hash":"8cc6d8f025cfd667afafe5d6f1b6dc8c1f43231e"}
,"C:\\Users\\User\\Desktop\\teste-googlo-api\\src\\services\\searchService.js": {"path":"C:\\Users\\User\\Desktop\\teste-googlo-api\\src\\services\\searchService.js","statementMap":{"0":{"start":{"line":4,"column":25},"end":{"line":4,"column":52}},"1":{"start":{"line":7,"column":16},"end":{"line":11,"column":1}},"2":{"start":{"line":20,"column":19},"end":{"line":20,"column":21}},"3":{"start":{"line":22,"column":2},"end":{"line":36,"column":3}},"4":{"start":{"line":23,"column":4},"end":{"line":35,"column":5}},"5":{"start":{"line":24,"column":21},"end":{"line":24,"column":60}},"6":{"start":{"line":27,"column":6},"end":{"line":31,"column":7}},"7":{"start":{"line":28,"column":8},"end":{"line":30,"column":9}},"8":{"start":{"line":28,"column":34},"end":{"line":28,"column":63}},"9":{"start":{"line":29,"column":10},"end":{"line":29,"column":33}},"10":{"start":{"line":34,"column":6},"end":{"line":34,"column":93}},"11":{"start":{"line":38,"column":2},"end":{"line":38,"column":20}},"12":{"start":{"line":41,"column":0},"end":{"line":44,"column":2}}},"fnMap":{"0":{"name":"searchByRegion","decl":{"start":{"line":19,"column":15},"end":{"line":19,"column":29}},"loc":{"start":{"line":19,"column":43},"end":{"line":39,"column":1}},"line":19},"1":{"name":"(anonymous_1)","decl":{"start":{"line":28,"column":29},"end":{"line":28,"column":30}},"loc":{"start":{"line":28,"column":34},"end":{"line":28,"column":63}},"line":28}},"branchMap":{"0":{"loc":{"start":{"line":28,"column":8},"end":{"line":30,"column":9}},"type":"if","locations":[{"start":{"line":28,"column":8},"end":{"line":30,"column":9}},{"start":{},"end":{}}],"line":28}},"s":{"0":1,"1":1,"2":2,"3":2,"4":6,"5":6,"6":5,"7":7,"8":9,"9":6,"10":1,"11":2,"12":1},"f":{"0":2,"1":9},"b":{"0":[6,1]},"_coverageSchema":"1a1c01bbd47fc00a2c39e90264f33305004495a9","hash":"64a7d31882dd00f2c776fbb69bdc26d0b95a7256"}
,"C:\\Users\\User\\Desktop\\teste-googlo-api\\src\\utils\\displayUtils.js": {"path":"C:\\Users\\User\\Desktop\\teste-googlo-api\\src\\utils\\displayUtils.js","statementMap":{"0":{"start":{"line":10,"column":2},"end":{"line":19,"column":6}},"1":{"start":{"line":10,"column":30},"end":{"line":19,"column":3}},"2":{"start":{"line":28,"column":13},"end":{"line":28,"column":26}},"3":{"start":{"line":29,"column":2},"end":{"line":29,"column":60}},"4":{"start":{"line":30,"column":2},"end":{"line":30,"column":43}},"5":{"start":{"line":33,"column":0},"end":{"line":36,"column":2}}},"fnMap":{"0":{"name":"displayPlaceDetails","decl":{"start":{"line":9,"column":9},"end":{"line":9,"column":28}},"loc":{"start":{"line":9,"column":37},"end":{"line":20,"column":1}},"line":9},"1":{"name":"(anonymous_1)","decl":{"start":{"line":10,"column":20},"end":{"line":10,"column":21}},"loc":{"start":{"line":10,"column":30},"end":{"line":19,"column":3}},"line":10},"2":{"name":"saveToFile","decl":{"start":{"line":27,"column":9},"end":{"line":27,"column":19}},"loc":{"start":{"line":27,"column":36},"end":{"line":31,"column":1}},"line":27}},"branchMap":{},"s":{"0":2,"1":2,"2":2,"3":2,"4":2,"5":1},"f":{"0":2,"1":2,"2":2},"b":{},"_coverageSchema":"1a1c01bbd47fc00a2c39e90264f33305004495a9","hash":"aa3d3c536aaf135011f9a3bb233d1f81484b0bf4"}
}
