TN:
SF:src\api\fetchUtils.js
FN:11,fetchAllPages
FN:20,(anonymous_1)
FNF:2
FNH:2
FNDA:3,fetchAllPages
FNDA:1,(anonymous_1)
DA:4,1
DA:12,3
DA:13,3
DA:14,3
DA:16,3
DA:17,4
DA:19,4
DA:20,1
DA:22,1
DA:25,4
DA:28,3
DA:29,3
DA:33,3
DA:36,1
DA:37,1
DA:41,3
DA:44,1
LF:17
LH:17
BRDA:19,0,0,1
BRDA:19,0,1,3
BRDA:28,1,0,3
BRDA:28,1,1,0
BRDA:28,2,0,3
BRDA:28,2,1,3
BRF:6
BRH:5
end_of_record
TN:
SF:src\api\placesApi.js
FN:17,searchPlaces
FN:59,(anonymous_1)
FN:79,getPlaceDetails
FNF:3
FNH:3
FNDA:5,searchPlaces
FNDA:3,(anonymous_1)
FNDA:3,getPlaceDetails
DA:4,3
DA:5,3
DA:8,3
DA:18,5
DA:20,5
DA:22,5
DA:25,5
DA:41,5
DA:42,5
DA:46,5
DA:55,4
DA:56,4
DA:59,4
DA:66,1
DA:67,1
DA:68,1
DA:70,1
DA:81,3
DA:82,3
DA:84,3
DA:85,3
DA:95,2
DA:106,1
DA:107,1
DA:111,3
LF:25
LH:25
BRDA:41,0,0,5
BRDA:41,0,1,0
BRDA:55,1,0,4
BRDA:55,1,1,1
BRDA:61,2,0,3
BRDA:61,2,1,1
BRDA:67,3,0,1
BRDA:67,3,1,0
BRDA:96,4,0,2
BRDA:96,4,1,1
BRF:10
BRH:8
end_of_record
TN:
SF:src\services\enrichService.js
FN:11,enrichPlaces
FN:22,(anonymous_1)
FN:44,(anonymous_2)
FNF:3
FNH:3
FNDA:3,enrichPlaces
FNDA:11,(anonymous_1)
FNDA:2,(anonymous_2)
DA:4,1
DA:12,3
DA:14,3
DA:17,3
DA:18,3
DA:19,3
DA:22,11
DA:23,3
DA:26,3
DA:27,11
DA:28,8
DA:42,3
DA:43,2
DA:44,2
DA:48,1
DA:51,1
LF:16
LH:16
BRDA:27,0,0,8
BRDA:27,0,1,3
BRDA:31,1,0,8
BRDA:31,1,1,1
BRDA:32,2,0,8
BRDA:32,2,1,1
BRDA:33,3,0,8
BRDA:33,3,1,0
BRDA:34,4,0,8
BRDA:34,4,1,0
BRDA:35,5,0,8
BRDA:35,5,1,0
BRDA:36,6,0,7
BRDA:36,6,1,1
BRDA:42,7,0,2
BRDA:42,7,1,1
BRF:16
BRH:13
end_of_record
TN:
SF:src\services\searchService.js
FN:19,searchByRegion
FN:28,(anonymous_1)
FNF:2
FNH:2
FNDA:2,searchByRegion
FNDA:9,(anonymous_1)
DA:4,1
DA:7,1
DA:20,2
DA:22,2
DA:23,6
DA:24,6
DA:27,5
DA:28,9
DA:29,6
DA:34,1
DA:38,2
DA:41,1
LF:12
LH:12
BRDA:28,0,0,6
BRDA:28,0,1,1
BRF:2
BRH:2
end_of_record
TN:
SF:src\utils\displayUtils.js
FN:9,displayPlaceDetails
FN:10,(anonymous_1)
FN:27,saveToFile
FNF:3
FNH:3
FNDA:2,displayPlaceDetails
FNDA:2,(anonymous_1)
FNDA:2,saveToFile
DA:10,2
DA:28,2
DA:29,2
DA:30,2
DA:33,1
LF:5
LH:5
BRF:0
BRH:0
end_of_record
